Removed Pin From Net: NetName=3V3 Pin=C13-1
Removed Pin From Net: NetName=GND Pin=C13-2
Removed Pin From Net: NetName=3V3 Pin=C15-1
Removed Pin From Net: NetName=GND Pin=C15-2
Removed Pin From Net: NetName=TMP102_SDL Pin=R31-1
Removed Pin From Net: NetName=NetR31_2 Pin=R31-2
Removed Pin From Net: NetName=TMP102_SDA Pin=R32-1
Removed Pin From Net: NetName=NetR32_2 Pin=R32-2
Removed Pin From Net: NetName=TMP102_INT Pin=R33-1
Removed Pin From Net: NetName=NetR33_2 Pin=R33-2
Removed Pin From Net: NetName=TMP102_ADD Pin=R34-1
Removed Pin From Net: NetName=NetR34_2 Pin=R34-2
Removed Pin From Net: NetName=OPT3001_SDL Pin=R38-1
Removed Pin From Net: NetName=NetR38_2 Pin=R38-2
Removed Pin From Net: NetName=OPT3001_SDA Pin=R39-1
Removed Pin From Net: NetName=NetR39_2 Pin=R39-2
Removed Pin From Net: NetName=OPT3001_INT Pin=R40-1
Removed Pin From Net: NetName=NetR40_2 Pin=R40-2
Removed Pin From Net: NetName=OPT3001_ADD Pin=R41-1
Removed Pin From Net: NetName=NetR41_2 Pin=R41-2
Removed Pin From Net: NetName=GND Pin=U5-0
Change component parameters: Designator = "C5" ("C5"); Footprint = "C 0402_L"; UniqueID = "\KUHTCEVT" ("\KUHTCEVT")
Change component parameters (AddParameter): Name = "主类型"; Value = "电容"; VariantName = "[No Variations]"
Change component parameters (AddParameter): Name = "值/型号"; Value = "100nF/16V"; VariantName = "[No Variations]"
Change component parameters (AddParameter): Name = "值精度"; Value = ""; VariantName = "[No Variations]"
Change component parameters (AddParameter): Name = "元件封装"; Value = ""; VariantName = "[No Variations]"
Change component parameters (AddParameter): Name = "具体类型"; Value = ""; VariantName = "[No Variations]"
Change component parameters (AddParameter): Name = "官网地址"; Value = ""; VariantName = "[No Variations]"
Change component parameters (AddParameter): Name = "封装类型"; Value = "贴片"; VariantName = "[No Variations]"
Change component parameters (AddParameter): Name = "手册网址"; Value = ""; VariantName = "[No Variations]"
Change component parameters (AddParameter): Name = "温度漂移"; Value = ""; VariantName = "[No Variations]"
Change component parameters (AddParameter): Name = "温度范围"; Value = ""; VariantName = "[No Variations]"
Change component parameters (AddParameter): Name = "生产商"; Value = "YAGEO(国巨)"; VariantName = "[No Variations]"
Change component parameters (AddParameter): Name = "生产商零件编码"; Value = "CC0402KRX7R7BB104"; VariantName = "[No Variations]"
Change component parameters (AddParameter): Name = "立创编号"; Value = "C60474 "; VariantName = "[No Variations]"
Change component parameters (AddParameter): Name = "类型备注"; Value = ""; VariantName = "[No Variations]"
Change component parameters: Designator = "C7" ("C7"); Footprint = "C 0402_L"; UniqueID = "\JISBFFOS" ("\JISBFFOS")
Change component parameters (AddParameter): Name = "主类型"; Value = "电容"; VariantName = "[No Variations]"
Change component parameters (AddParameter): Name = "值/型号"; Value = "100nF/16V"; VariantName = "[No Variations]"
Change component parameters (AddParameter): Name = "值精度"; Value = ""; VariantName = "[No Variations]"
Change component parameters (AddParameter): Name = "元件封装"; Value = ""; VariantName = "[No Variations]"
Change component parameters (AddParameter): Name = "具体类型"; Value = ""; VariantName = "[No Variations]"
Change component parameters (AddParameter): Name = "官网地址"; Value = ""; VariantName = "[No Variations]"
Change component parameters (AddParameter): Name = "封装类型"; Value = "贴片"; VariantName = "[No Variations]"
Change component parameters (AddParameter): Name = "手册网址"; Value = ""; VariantName = "[No Variations]"
Change component parameters (AddParameter): Name = "温度漂移"; Value = ""; VariantName = "[No Variations]"
Change component parameters (AddParameter): Name = "温度范围"; Value = ""; VariantName = "[No Variations]"
Change component parameters (AddParameter): Name = "生产商"; Value = "YAGEO(国巨)"; VariantName = "[No Variations]"
Change component parameters (AddParameter): Name = "生产商零件编码"; Value = "CC0402KRX7R7BB104"; VariantName = "[No Variations]"
Change component parameters (AddParameter): Name = "立创编号"; Value = "C60474 "; VariantName = "[No Variations]"
Change component parameters (AddParameter): Name = "类型备注"; Value = ""; VariantName = "[No Variations]"
Change component parameters: Designator = "C9" ("C9"); Footprint = "C 0402_L"; UniqueID = "\UEXAEJGP" ("\UEXAEJGP")
Change component parameters (AddParameter): Name = "主类型"; Value = "电容"; VariantName = "[No Variations]"
Change component parameters (AddParameter): Name = "值/型号"; Value = "100nF/16V"; VariantName = "[No Variations]"
Change component parameters (AddParameter): Name = "值精度"; Value = ""; VariantName = "[No Variations]"
Change component parameters (AddParameter): Name = "元件封装"; Value = ""; VariantName = "[No Variations]"
Change component parameters (AddParameter): Name = "具体类型"; Value = ""; VariantName = "[No Variations]"
Change component parameters (AddParameter): Name = "官网地址"; Value = ""; VariantName = "[No Variations]"
Change component parameters (AddParameter): Name = "封装类型"; Value = "贴片"; VariantName = "[No Variations]"
Change component parameters (AddParameter): Name = "手册网址"; Value = ""; VariantName = "[No Variations]"
Change component parameters (AddParameter): Name = "温度漂移"; Value = ""; VariantName = "[No Variations]"
Change component parameters (AddParameter): Name = "温度范围"; Value = ""; VariantName = "[No Variations]"
Change component parameters (AddParameter): Name = "生产商"; Value = "YAGEO(国巨)"; VariantName = "[No Variations]"
Change component parameters (AddParameter): Name = "生产商零件编码"; Value = "CC0402KRX7R7BB104"; VariantName = "[No Variations]"
Change component parameters (AddParameter): Name = "立创编号"; Value = "C60474"; VariantName = "[No Variations]"
Change component parameters (AddParameter): Name = "类型备注"; Value = ""; VariantName = "[No Variations]"
Change component parameters: Designator = "C11" ("C11"); Footprint = "C 0402_L"; UniqueID = "\EKTYSIHM" ("\EKTYSIHM")
Change component parameters (AddParameter): Name = "主类型"; Value = "电容"; VariantName = "[No Variations]"
Change component parameters (AddParameter): Name = "值/型号"; Value = "100nF/16V"; VariantName = "[No Variations]"
Change component parameters (AddParameter): Name = "值精度"; Value = ""; VariantName = "[No Variations]"
Change component parameters (AddParameter): Name = "元件封装"; Value = ""; VariantName = "[No Variations]"
Change component parameters (AddParameter): Name = "具体类型"; Value = ""; VariantName = "[No Variations]"
Change component parameters (AddParameter): Name = "官网地址"; Value = ""; VariantName = "[No Variations]"
Change component parameters (AddParameter): Name = "封装类型"; Value = "贴片"; VariantName = "[No Variations]"
Change component parameters (AddParameter): Name = "手册网址"; Value = ""; VariantName = "[No Variations]"
Change component parameters (AddParameter): Name = "温度漂移"; Value = ""; VariantName = "[No Variations]"
Change component parameters (AddParameter): Name = "温度范围"; Value = ""; VariantName = "[No Variations]"
Change component parameters (AddParameter): Name = "生产商"; Value = "YAGEO(国巨)"; VariantName = "[No Variations]"
Change component parameters (AddParameter): Name = "生产商零件编码"; Value = "CC0402KRX7R7BB104"; VariantName = "[No Variations]"
Change component parameters (AddParameter): Name = "立创编号"; Value = "C60474"; VariantName = "[No Variations]"
Change component parameters (AddParameter): Name = "类型备注"; Value = ""; VariantName = "[No Variations]"
Change component parameters: Designator = "C3" ("C3"); Footprint = "C 0603_L"; UniqueID = "\RGWFVYZT" ("\RGWFVYZT")
Change component parameters (AddParameter): Name = "主类型"; Value = "电容"; VariantName = "[No Variations]"
Change component parameters (AddParameter): Name = "值/型号"; Value = "10uF/16V"; VariantName = "[No Variations]"
Change component parameters (AddParameter): Name = "值精度"; Value = "±10%"; VariantName = "[No Variations]"
Change component parameters (AddParameter): Name = "元件封装"; Value = "0603"; VariantName = "[No Variations]"
Change component parameters (AddParameter): Name = "具体类型"; Value = "陶瓷电容"; VariantName = "[No Variations]"
Change component parameters (AddParameter): Name = "封装类型"; Value = "贴片"; VariantName = "[No Variations]"
Change component parameters (AddParameter): Name = "温度漂移"; Value = "X5R"; VariantName = "[No Variations]"
Change component parameters (AddParameter): Name = "温度范围"; Value = ""; VariantName = "[No Variations]"
Change component parameters (AddParameter): Name = "生产商"; Value = "SAMSUNG(三星)"; VariantName = "[No Variations]"
Change component parameters (AddParameter): Name = "生产商零件编码"; Value = "CL10A106MO8NQNC"; VariantName = "[No Variations]"
Change component parameters (AddParameter): Name = "立创编号"; Value = "C92487"; VariantName = "[No Variations]"
Change component parameters (AddParameter): Name = "类型备注"; Value = ""; VariantName = "[No Variations]"
Change component parameters: Designator = "L1" ("L1"); Footprint = "L 0805"; UniqueID = "\NZDZWUXQ" ("\NZDZWUXQ")
Change component parameters (AddParameter): Name = "主类型"; Value = "电感"; VariantName = "[No Variations]"
Change component parameters (AddParameter): Name = "值/型号"; Value = "GZ2012D121TF"; VariantName = "[No Variations]"
Change component parameters (AddParameter): Name = "值精度"; Value = ""; VariantName = "[No Variations]"
Change component parameters (AddParameter): Name = "元件封装"; Value = ""; VariantName = "[No Variations]"
Change component parameters (AddParameter): Name = "具体类型"; Value = ""; VariantName = "[No Variations]"
Change component parameters (AddParameter): Name = "封装类型"; Value = ""; VariantName = "[No Variations]"
Change component parameters (AddParameter): Name = "温度漂移"; Value = ""; VariantName = "[No Variations]"
Change component parameters (AddParameter): Name = "温度范围"; Value = ""; VariantName = "[No Variations]"
Change component parameters (AddParameter): Name = "生产商"; Value = "Sunlord(顺络)"; VariantName = "[No Variations]"
Change component parameters (AddParameter): Name = "生产商零件编码"; Value = "GZ2012D121TF"; VariantName = "[No Variations]"
Change component parameters (AddParameter): Name = "立创编号"; Value = "C38480"; VariantName = "[No Variations]"
Change component parameters (AddParameter): Name = "类型备注"; Value = ""; VariantName = "[No Variations]"
Change component parameters: Designator = "R44" ("R44"); Footprint = "R 0402_L"; UniqueID = "\XWFVDPGY" ("\XWFVDPGY")
Change component parameters (AddParameter): Name = "主类型"; Value = "电阻"; VariantName = "[No Variations]"
Change component parameters (AddParameter): Name = "值/型号"; Value = "0"; VariantName = "[No Variations]"
Change component parameters (AddParameter): Name = "值精度"; Value = ""; VariantName = "[No Variations]"
Change component parameters (AddParameter): Name = "元件封装"; Value = ""; VariantName = "[No Variations]"
Change component parameters (AddParameter): Name = "具体类型"; Value = ""; VariantName = "[No Variations]"
Change component parameters (AddParameter): Name = "封装类型"; Value = ""; VariantName = "[No Variations]"
Change component parameters (AddParameter): Name = "温度漂移"; Value = ""; VariantName = "[No Variations]"
Change component parameters (AddParameter): Name = "温度范围"; Value = ""; VariantName = "[No Variations]"
Change component parameters (AddParameter): Name = "生产商"; Value = "?YAGEO（国巨）"; VariantName = "[No Variations]"
Change component parameters (AddParameter): Name = "生产商零件编码"; Value = "RC0402JR-070RL"; VariantName = "[No Variations]"
Change component parameters (AddParameter): Name = "立创编号"; Value = "C60485"; VariantName = "[No Variations]"
Change component parameters (AddParameter): Name = "类型备注"; Value = ""; VariantName = "[No Variations]"
Change component parameters: Designator = "R45" ("R45"); Footprint = "R 0402_L"; UniqueID = "\HIOWXSEP" ("\HIOWXSEP")
Change component parameters (AddParameter): Name = "主类型"; Value = "电阻"; VariantName = "[No Variations]"
Change component parameters (AddParameter): Name = "值/型号"; Value = "0"; VariantName = "[No Variations]"
Change component parameters (AddParameter): Name = "值精度"; Value = ""; VariantName = "[No Variations]"
Change component parameters (AddParameter): Name = "元件封装"; Value = ""; VariantName = "[No Variations]"
Change component parameters (AddParameter): Name = "具体类型"; Value = ""; VariantName = "[No Variations]"
Change component parameters (AddParameter): Name = "封装类型"; Value = ""; VariantName = "[No Variations]"
Change component parameters (AddParameter): Name = "温度漂移"; Value = ""; VariantName = "[No Variations]"
Change component parameters (AddParameter): Name = "温度范围"; Value = ""; VariantName = "[No Variations]"
Change component parameters (AddParameter): Name = "生产商"; Value = "?YAGEO（国巨）"; VariantName = "[No Variations]"
Change component parameters (AddParameter): Name = "生产商零件编码"; Value = "RC0402JR-070RL"; VariantName = "[No Variations]"
Change component parameters (AddParameter): Name = "立创编号"; Value = "C60485"; VariantName = "[No Variations]"
Change component parameters (AddParameter): Name = "类型备注"; Value = ""; VariantName = "[No Variations]"
Change component parameters: Designator = "R46" ("R46"); Footprint = "R 0402_L"; UniqueID = "\ZSPNSSWP" ("\ZSPNSSWP")
Change component parameters (AddParameter): Name = "主类型"; Value = "电阻"; VariantName = "[No Variations]"
Change component parameters (AddParameter): Name = "值/型号"; Value = "0"; VariantName = "[No Variations]"
Change component parameters (AddParameter): Name = "值精度"; Value = ""; VariantName = "[No Variations]"
Change component parameters (AddParameter): Name = "元件封装"; Value = ""; VariantName = "[No Variations]"
Change component parameters (AddParameter): Name = "具体类型"; Value = ""; VariantName = "[No Variations]"
Change component parameters (AddParameter): Name = "封装类型"; Value = ""; VariantName = "[No Variations]"
Change component parameters (AddParameter): Name = "温度漂移"; Value = ""; VariantName = "[No Variations]"
Change component parameters (AddParameter): Name = "温度范围"; Value = ""; VariantName = "[No Variations]"
Change component parameters (AddParameter): Name = "生产商"; Value = "?YAGEO（国巨）"; VariantName = "[No Variations]"
Change component parameters (AddParameter): Name = "生产商零件编码"; Value = "RC0402JR-070RL"; VariantName = "[No Variations]"
Change component parameters (AddParameter): Name = "立创编号"; Value = "C60485"; VariantName = "[No Variations]"
Change component parameters (AddParameter): Name = "类型备注"; Value = ""; VariantName = "[No Variations]"
Change component parameters: Designator = "R47" ("R47"); Footprint = "R 0402_L"; UniqueID = "\ZGBGKFPV" ("\ZGBGKFPV")
Change component parameters (AddParameter): Name = "主类型"; Value = "电阻"; VariantName = "[No Variations]"
Change component parameters (AddParameter): Name = "值/型号"; Value = "0"; VariantName = "[No Variations]"
Change component parameters (AddParameter): Name = "值精度"; Value = ""; VariantName = "[No Variations]"
Change component parameters (AddParameter): Name = "元件封装"; Value = ""; VariantName = "[No Variations]"
Change component parameters (AddParameter): Name = "具体类型"; Value = ""; VariantName = "[No Variations]"
Change component parameters (AddParameter): Name = "封装类型"; Value = ""; VariantName = "[No Variations]"
Change component parameters (AddParameter): Name = "温度漂移"; Value = ""; VariantName = "[No Variations]"
Change component parameters (AddParameter): Name = "温度范围"; Value = ""; VariantName = "[No Variations]"
Change component parameters (AddParameter): Name = "生产商"; Value = "?YAGEO（国巨）"; VariantName = "[No Variations]"
Change component parameters (AddParameter): Name = "生产商零件编码"; Value = "RC0402JR-070RL"; VariantName = "[No Variations]"
Change component parameters (AddParameter): Name = "立创编号"; Value = "C60485"; VariantName = "[No Variations]"
Change component parameters (AddParameter): Name = "类型备注"; Value = ""; VariantName = "[No Variations]"
Change component parameters: Designator = "R48" ("R48"); Footprint = "R 0402_L"; UniqueID = "\WCHVMNTG" ("\WCHVMNTG")
Change component parameters (AddParameter): Name = "主类型"; Value = "电阻"; VariantName = "[No Variations]"
Change component parameters (AddParameter): Name = "值/型号"; Value = "0"; VariantName = "[No Variations]"
Change component parameters (AddParameter): Name = "值精度"; Value = ""; VariantName = "[No Variations]"
Change component parameters (AddParameter): Name = "元件封装"; Value = ""; VariantName = "[No Variations]"
Change component parameters (AddParameter): Name = "具体类型"; Value = ""; VariantName = "[No Variations]"
Change component parameters (AddParameter): Name = "封装类型"; Value = ""; VariantName = "[No Variations]"
Change component parameters (AddParameter): Name = "温度漂移"; Value = ""; VariantName = "[No Variations]"
Change component parameters (AddParameter): Name = "温度范围"; Value = ""; VariantName = "[No Variations]"
Change component parameters (AddParameter): Name = "生产商"; Value = "?YAGEO（国巨）"; VariantName = "[No Variations]"
Change component parameters (AddParameter): Name = "生产商零件编码"; Value = "RC0402JR-070RL"; VariantName = "[No Variations]"
Change component parameters (AddParameter): Name = "立创编号"; Value = "C60485"; VariantName = "[No Variations]"
Change component parameters (AddParameter): Name = "类型备注"; Value = ""; VariantName = "[No Variations]"
Change component parameters: Designator = "R49" ("R49"); Footprint = "R 0402_L"; UniqueID = "\FZSDZXAC" ("\FZSDZXAC")
Change component parameters (AddParameter): Name = "主类型"; Value = "电阻"; VariantName = "[No Variations]"
Change component parameters (AddParameter): Name = "值/型号"; Value = "0"; VariantName = "[No Variations]"
Change component parameters (AddParameter): Name = "值精度"; Value = ""; VariantName = "[No Variations]"
Change component parameters (AddParameter): Name = "元件封装"; Value = ""; VariantName = "[No Variations]"
Change component parameters (AddParameter): Name = "具体类型"; Value = ""; VariantName = "[No Variations]"
Change component parameters (AddParameter): Name = "封装类型"; Value = ""; VariantName = "[No Variations]"
Change component parameters (AddParameter): Name = "温度漂移"; Value = ""; VariantName = "[No Variations]"
Change component parameters (AddParameter): Name = "温度范围"; Value = ""; VariantName = "[No Variations]"
Change component parameters (AddParameter): Name = "生产商"; Value = "?YAGEO（国巨）"; VariantName = "[No Variations]"
Change component parameters (AddParameter): Name = "生产商零件编码"; Value = "RC0402JR-070RL"; VariantName = "[No Variations]"
Change component parameters (AddParameter): Name = "立创编号"; Value = "C60485"; VariantName = "[No Variations]"
Change component parameters (AddParameter): Name = "类型备注"; Value = ""; VariantName = "[No Variations]"
Change component parameters: Designator = "R50" ("R50"); Footprint = "R 0402_L"; UniqueID = "\LQHWNTAE" ("\LQHWNTAE")
Change component parameters (AddParameter): Name = "主类型"; Value = "电阻"; VariantName = "[No Variations]"
Change component parameters (AddParameter): Name = "值/型号"; Value = "0"; VariantName = "[No Variations]"
Change component parameters (AddParameter): Name = "值精度"; Value = ""; VariantName = "[No Variations]"
Change component parameters (AddParameter): Name = "元件封装"; Value = ""; VariantName = "[No Variations]"
Change component parameters (AddParameter): Name = "具体类型"; Value = ""; VariantName = "[No Variations]"
Change component parameters (AddParameter): Name = "封装类型"; Value = ""; VariantName = "[No Variations]"
Change component parameters (AddParameter): Name = "温度漂移"; Value = ""; VariantName = "[No Variations]"
Change component parameters (AddParameter): Name = "温度范围"; Value = ""; VariantName = "[No Variations]"
Change component parameters (AddParameter): Name = "生产商"; Value = "?YAGEO（国巨）"; VariantName = "[No Variations]"
Change component parameters (AddParameter): Name = "生产商零件编码"; Value = "RC0402JR-070RL"; VariantName = "[No Variations]"
Change component parameters (AddParameter): Name = "立创编号"; Value = "C60485"; VariantName = "[No Variations]"
Change component parameters (AddParameter): Name = "类型备注"; Value = ""; VariantName = "[No Variations]"
Change component parameters: Designator = "R51" ("R51"); Footprint = "R 0402_L"; UniqueID = "\YKCKEKMX" ("\YKCKEKMX")
Change component parameters (AddParameter): Name = "主类型"; Value = "电阻"; VariantName = "[No Variations]"
Change component parameters (AddParameter): Name = "值/型号"; Value = "0"; VariantName = "[No Variations]"
Change component parameters (AddParameter): Name = "值精度"; Value = ""; VariantName = "[No Variations]"
Change component parameters (AddParameter): Name = "元件封装"; Value = ""; VariantName = "[No Variations]"
Change component parameters (AddParameter): Name = "具体类型"; Value = ""; VariantName = "[No Variations]"
Change component parameters (AddParameter): Name = "封装类型"; Value = ""; VariantName = "[No Variations]"
Change component parameters (AddParameter): Name = "温度漂移"; Value = ""; VariantName = "[No Variations]"
Change component parameters (AddParameter): Name = "温度范围"; Value = ""; VariantName = "[No Variations]"
Change component parameters (AddParameter): Name = "生产商"; Value = "?YAGEO（国巨）"; VariantName = "[No Variations]"
Change component parameters (AddParameter): Name = "生产商零件编码"; Value = "RC0402JR-070RL"; VariantName = "[No Variations]"
Change component parameters (AddParameter): Name = "立创编号"; Value = "C60485"; VariantName = "[No Variations]"
Change component parameters (AddParameter): Name = "类型备注"; Value = ""; VariantName = "[No Variations]"
Change component parameters: Designator = "R20" ("R20"); Footprint = "R 0402_L"; UniqueID = "\QLOOEKEV" ("\QLOOEKEV")
Change component parameters (AddParameter): Name = "主类型"; Value = "电阻"; VariantName = "[No Variations]"
Change component parameters (AddParameter): Name = "值/型号"; Value = "0"; VariantName = "[No Variations]"
Change component parameters (AddParameter): Name = "值精度"; Value = ""; VariantName = "[No Variations]"
Change component parameters (AddParameter): Name = "元件封装"; Value = "0402"; VariantName = "[No Variations]"
Change component parameters (AddParameter): Name = "具体类型"; Value = ""; VariantName = "[No Variations]"
Change component parameters (AddParameter): Name = "封装类型"; Value = ""; VariantName = "[No Variations]"
Change component parameters (AddParameter): Name = "温度漂移"; Value = ""; VariantName = "[No Variations]"
Change component parameters (AddParameter): Name = "温度范围"; Value = ""; VariantName = "[No Variations]"
Change component parameters (AddParameter): Name = "生产商"; Value = "YAGEO(国巨)"; VariantName = "[No Variations]"
Change component parameters (AddParameter): Name = "生产商零件编码"; Value = "RC0402JR-070RL"; VariantName = "[No Variations]"
Change component parameters (AddParameter): Name = "立创编号"; Value = "C60485"; VariantName = "[No Variations]"
Change component parameters (AddParameter): Name = "类型备注"; Value = ""; VariantName = "[No Variations]"
Change component parameters: Designator = "R21" ("R21"); Footprint = "R 0402_L"; UniqueID = "\VEGPOJHR" ("\VEGPOJHR")
Change component parameters (AddParameter): Name = "主类型"; Value = "电阻"; VariantName = "[No Variations]"
Change component parameters (AddParameter): Name = "值/型号"; Value = "0"; VariantName = "[No Variations]"
Change component parameters (AddParameter): Name = "值精度"; Value = ""; VariantName = "[No Variations]"
Change component parameters (AddParameter): Name = "元件封装"; Value = "0402"; VariantName = "[No Variations]"
Change component parameters (AddParameter): Name = "具体类型"; Value = ""; VariantName = "[No Variations]"
Change component parameters (AddParameter): Name = "封装类型"; Value = ""; VariantName = "[No Variations]"
Change component parameters (AddParameter): Name = "温度漂移"; Value = ""; VariantName = "[No Variations]"
Change component parameters (AddParameter): Name = "温度范围"; Value = ""; VariantName = "[No Variations]"
Change component parameters (AddParameter): Name = "生产商"; Value = "YAGEO(国巨)"; VariantName = "[No Variations]"
Change component parameters (AddParameter): Name = "生产商零件编码"; Value = "RC0402JR-070RL"; VariantName = "[No Variations]"
Change component parameters (AddParameter): Name = "立创编号"; Value = "C60485"; VariantName = "[No Variations]"
Change component parameters (AddParameter): Name = "类型备注"; Value = ""; VariantName = "[No Variations]"
Change component parameters: Designator = "R22" ("R22"); Footprint = "R 0402_L"; UniqueID = "\IBRDFWYU" ("\IBRDFWYU")
Change component parameters (AddParameter): Name = "主类型"; Value = "电阻"; VariantName = "[No Variations]"
Change component parameters (AddParameter): Name = "值/型号"; Value = "0"; VariantName = "[No Variations]"
Change component parameters (AddParameter): Name = "值精度"; Value = ""; VariantName = "[No Variations]"
Change component parameters (AddParameter): Name = "元件封装"; Value = "0402"; VariantName = "[No Variations]"
Change component parameters (AddParameter): Name = "具体类型"; Value = ""; VariantName = "[No Variations]"
Change component parameters (AddParameter): Name = "封装类型"; Value = ""; VariantName = "[No Variations]"
Change component parameters (AddParameter): Name = "温度漂移"; Value = ""; VariantName = "[No Variations]"
Change component parameters (AddParameter): Name = "温度范围"; Value = ""; VariantName = "[No Variations]"
Change component parameters (AddParameter): Name = "生产商"; Value = "YAGEO(国巨)"; VariantName = "[No Variations]"
Change component parameters (AddParameter): Name = "生产商零件编码"; Value = "RC0402JR-070RL"; VariantName = "[No Variations]"
Change component parameters (AddParameter): Name = "立创编号"; Value = "C60485"; VariantName = "[No Variations]"
Change component parameters (AddParameter): Name = "类型备注"; Value = ""; VariantName = "[No Variations]"
Change component parameters: Designator = "R23" ("R23"); Footprint = "R 0402_L"; UniqueID = "\LWAQKTRT" ("\LWAQKTRT")
Change component parameters (AddParameter): Name = "主类型"; Value = "电阻"; VariantName = "[No Variations]"
Change component parameters (AddParameter): Name = "值/型号"; Value = "0"; VariantName = "[No Variations]"
Change component parameters (AddParameter): Name = "值精度"; Value = ""; VariantName = "[No Variations]"
Change component parameters (AddParameter): Name = "元件封装"; Value = "0402"; VariantName = "[No Variations]"
Change component parameters (AddParameter): Name = "具体类型"; Value = ""; VariantName = "[No Variations]"
Change component parameters (AddParameter): Name = "封装类型"; Value = ""; VariantName = "[No Variations]"
Change component parameters (AddParameter): Name = "温度漂移"; Value = ""; VariantName = "[No Variations]"
Change component parameters (AddParameter): Name = "温度范围"; Value = ""; VariantName = "[No Variations]"
Change component parameters (AddParameter): Name = "生产商"; Value = "YAGEO(国巨)"; VariantName = "[No Variations]"
Change component parameters (AddParameter): Name = "生产商零件编码"; Value = "RC0402JR-070RL"; VariantName = "[No Variations]"
Change component parameters (AddParameter): Name = "立创编号"; Value = "C60485"; VariantName = "[No Variations]"
Change component parameters (AddParameter): Name = "类型备注"; Value = ""; VariantName = "[No Variations]"
Change component parameters: Designator = "R24" ("R24"); Footprint = "R 0402_L"; UniqueID = "\FNUPPWDU" ("\FNUPPWDU")
Change component parameters (AddParameter): Name = "主类型"; Value = "电阻"; VariantName = "[No Variations]"
Change component parameters (AddParameter): Name = "值/型号"; Value = "0"; VariantName = "[No Variations]"
Change component parameters (AddParameter): Name = "值精度"; Value = ""; VariantName = "[No Variations]"
Change component parameters (AddParameter): Name = "元件封装"; Value = "0402"; VariantName = "[No Variations]"
Change component parameters (AddParameter): Name = "具体类型"; Value = ""; VariantName = "[No Variations]"
Change component parameters (AddParameter): Name = "封装类型"; Value = ""; VariantName = "[No Variations]"
Change component parameters (AddParameter): Name = "温度漂移"; Value = ""; VariantName = "[No Variations]"
Change component parameters (AddParameter): Name = "温度范围"; Value = ""; VariantName = "[No Variations]"
Change component parameters (AddParameter): Name = "生产商"; Value = "YAGEO(国巨)"; VariantName = "[No Variations]"
Change component parameters (AddParameter): Name = "生产商零件编码"; Value = "RC0402JR-070RL"; VariantName = "[No Variations]"
Change component parameters (AddParameter): Name = "立创编号"; Value = "C60485"; VariantName = "[No Variations]"
Change component parameters (AddParameter): Name = "类型备注"; Value = ""; VariantName = "[No Variations]"
Change component parameters: Designator = "R25" ("R25"); Footprint = "R 0402_L"; UniqueID = "\OKYMZKTD" ("\OKYMZKTD")
Change component parameters (AddParameter): Name = "主类型"; Value = "电阻"; VariantName = "[No Variations]"
Change component parameters (AddParameter): Name = "值/型号"; Value = "0"; VariantName = "[No Variations]"
Change component parameters (AddParameter): Name = "值精度"; Value = ""; VariantName = "[No Variations]"
Change component parameters (AddParameter): Name = "元件封装"; Value = "0402"; VariantName = "[No Variations]"
Change component parameters (AddParameter): Name = "具体类型"; Value = ""; VariantName = "[No Variations]"
Change component parameters (AddParameter): Name = "封装类型"; Value = ""; VariantName = "[No Variations]"
Change component parameters (AddParameter): Name = "温度漂移"; Value = ""; VariantName = "[No Variations]"
Change component parameters (AddParameter): Name = "温度范围"; Value = ""; VariantName = "[No Variations]"
Change component parameters (AddParameter): Name = "生产商"; Value = "YAGEO(国巨)"; VariantName = "[No Variations]"
Change component parameters (AddParameter): Name = "生产商零件编码"; Value = "RC0402JR-070RL"; VariantName = "[No Variations]"
Change component parameters (AddParameter): Name = "立创编号"; Value = "C60485"; VariantName = "[No Variations]"
Change component parameters (AddParameter): Name = "类型备注"; Value = ""; VariantName = "[No Variations]"
Change component parameters: Designator = "R26" ("R26"); Footprint = "R 0402_L"; UniqueID = "\LTJASTXO" ("\LTJASTXO")
Change component parameters (AddParameter): Name = "主类型"; Value = "电阻"; VariantName = "[No Variations]"
Change component parameters (AddParameter): Name = "值/型号"; Value = "0"; VariantName = "[No Variations]"
Change component parameters (AddParameter): Name = "值精度"; Value = ""; VariantName = "[No Variations]"
Change component parameters (AddParameter): Name = "元件封装"; Value = "0402"; VariantName = "[No Variations]"
Change component parameters (AddParameter): Name = "具体类型"; Value = ""; VariantName = "[No Variations]"
Change component parameters (AddParameter): Name = "封装类型"; Value = ""; VariantName = "[No Variations]"
Change component parameters (AddParameter): Name = "温度漂移"; Value = ""; VariantName = "[No Variations]"
Change component parameters (AddParameter): Name = "温度范围"; Value = ""; VariantName = "[No Variations]"
Change component parameters (AddParameter): Name = "生产商"; Value = "YAGEO(国巨)"; VariantName = "[No Variations]"
Change component parameters (AddParameter): Name = "生产商零件编码"; Value = "RC0402JR-070RL"; VariantName = "[No Variations]"
Change component parameters (AddParameter): Name = "立创编号"; Value = "C60485"; VariantName = "[No Variations]"
Change component parameters (AddParameter): Name = "类型备注"; Value = ""; VariantName = "[No Variations]"
Change component parameters: Designator = "R5" ("R5"); Footprint = "R 0402_L"; UniqueID = "\FOIHYZIX" ("\FOIHYZIX")
Change component parameters (AddParameter): Name = "主类型"; Value = "电阻"; VariantName = "[No Variations]"
Change component parameters (AddParameter): Name = "值/型号"; Value = "0"; VariantName = "[No Variations]"
Change component parameters (AddParameter): Name = "值精度"; Value = ""; VariantName = "[No Variations]"
Change component parameters (AddParameter): Name = "元件封装"; Value = "0402"; VariantName = "[No Variations]"
Change component parameters (AddParameter): Name = "具体类型"; Value = ""; VariantName = "[No Variations]"
Change component parameters (AddParameter): Name = "封装类型"; Value = "贴片"; VariantName = "[No Variations]"
Change component parameters (AddParameter): Name = "温度漂移"; Value = ""; VariantName = "[No Variations]"
Change component parameters (AddParameter): Name = "温度范围"; Value = ""; VariantName = "[No Variations]"
Change component parameters (AddParameter): Name = "生产商"; Value = "?YAGEO（国巨）"; VariantName = "[No Variations]"
Change component parameters (AddParameter): Name = "生产商零件编码"; Value = "RC0402FR-0710KL"; VariantName = "[No Variations]"
Change component parameters (AddParameter): Name = "立创编号"; Value = "C60490"; VariantName = "[No Variations]"
Change component parameters (AddParameter): Name = "类型备注"; Value = ""; VariantName = "[No Variations]"
Change component parameters: Designator = "R6" ("R6"); Footprint = "R 0402_L"; UniqueID = "\WMWRDDTN" ("\WMWRDDTN")
Change component parameters (AddParameter): Name = "主类型"; Value = "电阻"; VariantName = "[No Variations]"
Change component parameters (AddParameter): Name = "值/型号"; Value = "0"; VariantName = "[No Variations]"
Change component parameters (AddParameter): Name = "值精度"; Value = ""; VariantName = "[No Variations]"
Change component parameters (AddParameter): Name = "元件封装"; Value = "0402"; VariantName = "[No Variations]"
Change component parameters (AddParameter): Name = "具体类型"; Value = ""; VariantName = "[No Variations]"
Change component parameters (AddParameter): Name = "封装类型"; Value = "贴片"; VariantName = "[No Variations]"
Change component parameters (AddParameter): Name = "温度漂移"; Value = ""; VariantName = "[No Variations]"
Change component parameters (AddParameter): Name = "温度范围"; Value = ""; VariantName = "[No Variations]"
Change component parameters (AddParameter): Name = "生产商"; Value = "?YAGEO（国巨）"; VariantName = "[No Variations]"
Change component parameters (AddParameter): Name = "生产商零件编码"; Value = "RC0402FR-0710KL"; VariantName = "[No Variations]"
Change component parameters (AddParameter): Name = "立创编号"; Value = "C60490"; VariantName = "[No Variations]"
Change component parameters (AddParameter): Name = "类型备注"; Value = ""; VariantName = "[No Variations]"
Change component parameters: Designator = "R7" ("R7"); Footprint = "R 0402_L"; UniqueID = "\JUNDIJBP" ("\JUNDIJBP")
Change component parameters (AddParameter): Name = "主类型"; Value = "电阻"; VariantName = "[No Variations]"
Change component parameters (AddParameter): Name = "值/型号"; Value = "0"; VariantName = "[No Variations]"
Change component parameters (AddParameter): Name = "值精度"; Value = ""; VariantName = "[No Variations]"
Change component parameters (AddParameter): Name = "元件封装"; Value = "0402"; VariantName = "[No Variations]"
Change component parameters (AddParameter): Name = "具体类型"; Value = ""; VariantName = "[No Variations]"
Change component parameters (AddParameter): Name = "封装类型"; Value = "贴片"; VariantName = "[No Variations]"
Change component parameters (AddParameter): Name = "温度漂移"; Value = ""; VariantName = "[No Variations]"
Change component parameters (AddParameter): Name = "温度范围"; Value = ""; VariantName = "[No Variations]"
Change component parameters (AddParameter): Name = "生产商"; Value = "?YAGEO（国巨）"; VariantName = "[No Variations]"
Change component parameters (AddParameter): Name = "生产商零件编码"; Value = "RC0402FR-0710KL"; VariantName = "[No Variations]"
Change component parameters (AddParameter): Name = "立创编号"; Value = "C60490"; VariantName = "[No Variations]"
Change component parameters (AddParameter): Name = "类型备注"; Value = ""; VariantName = "[No Variations]"
Change component parameters: Designator = "R8" ("R8"); Footprint = "R 0402_L"; UniqueID = "\AUTLOHEO" ("\AUTLOHEO")
Change component parameters (AddParameter): Name = "主类型"; Value = "电阻"; VariantName = "[No Variations]"
Change component parameters (AddParameter): Name = "值/型号"; Value = "0"; VariantName = "[No Variations]"
Change component parameters (AddParameter): Name = "值精度"; Value = ""; VariantName = "[No Variations]"
Change component parameters (AddParameter): Name = "元件封装"; Value = "0402"; VariantName = "[No Variations]"
Change component parameters (AddParameter): Name = "具体类型"; Value = ""; VariantName = "[No Variations]"
Change component parameters (AddParameter): Name = "封装类型"; Value = "贴片"; VariantName = "[No Variations]"
Change component parameters (AddParameter): Name = "温度漂移"; Value = ""; VariantName = "[No Variations]"
Change component parameters (AddParameter): Name = "温度范围"; Value = ""; VariantName = "[No Variations]"
Change component parameters (AddParameter): Name = "生产商"; Value = "?YAGEO（国巨）"; VariantName = "[No Variations]"
Change component parameters (AddParameter): Name = "生产商零件编码"; Value = "RC0402FR-0710KL"; VariantName = "[No Variations]"
Change component parameters (AddParameter): Name = "立创编号"; Value = "C60490"; VariantName = "[No Variations]"
Change component parameters (AddParameter): Name = "类型备注"; Value = ""; VariantName = "[No Variations]"
Change component parameters: Designator = "R9" ("R9"); Footprint = "R 0402_L"; UniqueID = "\DYAZZQOG" ("\DYAZZQOG")
Change component parameters (AddParameter): Name = "主类型"; Value = "电阻"; VariantName = "[No Variations]"
Change component parameters (AddParameter): Name = "值/型号"; Value = "0"; VariantName = "[No Variations]"
Change component parameters (AddParameter): Name = "值精度"; Value = ""; VariantName = "[No Variations]"
Change component parameters (AddParameter): Name = "元件封装"; Value = "0402"; VariantName = "[No Variations]"
Change component parameters (AddParameter): Name = "具体类型"; Value = ""; VariantName = "[No Variations]"
Change component parameters (AddParameter): Name = "封装类型"; Value = "贴片"; VariantName = "[No Variations]"
Change component parameters (AddParameter): Name = "温度漂移"; Value = ""; VariantName = "[No Variations]"
Change component parameters (AddParameter): Name = "温度范围"; Value = ""; VariantName = "[No Variations]"
Change component parameters (AddParameter): Name = "生产商"; Value = "?YAGEO（国巨）"; VariantName = "[No Variations]"
Change component parameters (AddParameter): Name = "生产商零件编码"; Value = "RC0402FR-0710KL"; VariantName = "[No Variations]"
Change component parameters (AddParameter): Name = "立创编号"; Value = "C60490"; VariantName = "[No Variations]"
Change component parameters (AddParameter): Name = "类型备注"; Value = ""; VariantName = "[No Variations]"
Change component parameters: Designator = "R10" ("R10"); Footprint = "R 0402_L"; UniqueID = "\SEVFIRAA" ("\SEVFIRAA")
Change component parameters (AddParameter): Name = "主类型"; Value = "电阻"; VariantName = "[No Variations]"
Change component parameters (AddParameter): Name = "值/型号"; Value = "0"; VariantName = "[No Variations]"
Change component parameters (AddParameter): Name = "值精度"; Value = ""; VariantName = "[No Variations]"
Change component parameters (AddParameter): Name = "元件封装"; Value = "0402"; VariantName = "[No Variations]"
Change component parameters (AddParameter): Name = "具体类型"; Value = ""; VariantName = "[No Variations]"
Change component parameters (AddParameter): Name = "封装类型"; Value = "贴片"; VariantName = "[No Variations]"
Change component parameters (AddParameter): Name = "温度漂移"; Value = ""; VariantName = "[No Variations]"
Change component parameters (AddParameter): Name = "温度范围"; Value = ""; VariantName = "[No Variations]"
Change component parameters (AddParameter): Name = "生产商"; Value = "?YAGEO（国巨）"; VariantName = "[No Variations]"
Change component parameters (AddParameter): Name = "生产商零件编码"; Value = "RC0402FR-0710KL"; VariantName = "[No Variations]"
Change component parameters (AddParameter): Name = "立创编号"; Value = "C60490"; VariantName = "[No Variations]"
Change component parameters (AddParameter): Name = "类型备注"; Value = ""; VariantName = "[No Variations]"
Change component parameters: Designator = "R11" ("R11"); Footprint = "R 0402_L"; UniqueID = "\NAYTDAHB" ("\NAYTDAHB")
Change component parameters (AddParameter): Name = "主类型"; Value = "电阻"; VariantName = "[No Variations]"
Change component parameters (AddParameter): Name = "值/型号"; Value = "0"; VariantName = "[No Variations]"
Change component parameters (AddParameter): Name = "值精度"; Value = ""; VariantName = "[No Variations]"
Change component parameters (AddParameter): Name = "元件封装"; Value = "0402"; VariantName = "[No Variations]"
Change component parameters (AddParameter): Name = "具体类型"; Value = ""; VariantName = "[No Variations]"
Change component parameters (AddParameter): Name = "封装类型"; Value = "贴片"; VariantName = "[No Variations]"
Change component parameters (AddParameter): Name = "温度漂移"; Value = ""; VariantName = "[No Variations]"
Change component parameters (AddParameter): Name = "温度范围"; Value = ""; VariantName = "[No Variations]"
Change component parameters (AddParameter): Name = "生产商"; Value = "?YAGEO（国巨）"; VariantName = "[No Variations]"
Change component parameters (AddParameter): Name = "生产商零件编码"; Value = "RC0402FR-0710KL"; VariantName = "[No Variations]"
Change component parameters (AddParameter): Name = "立创编号"; Value = "C60490"; VariantName = "[No Variations]"
Change component parameters (AddParameter): Name = "类型备注"; Value = ""; VariantName = "[No Variations]"
Change component parameters: Designator = "R12" ("R12"); Footprint = "R 0402_L"; UniqueID = "\ZZOFTZYH" ("\ZZOFTZYH")
Change component parameters (AddParameter): Name = "主类型"; Value = "电阻"; VariantName = "[No Variations]"
Change component parameters (AddParameter): Name = "值/型号"; Value = "0"; VariantName = "[No Variations]"
Change component parameters (AddParameter): Name = "值精度"; Value = ""; VariantName = "[No Variations]"
Change component parameters (AddParameter): Name = "元件封装"; Value = "0402"; VariantName = "[No Variations]"
Change component parameters (AddParameter): Name = "具体类型"; Value = ""; VariantName = "[No Variations]"
Change component parameters (AddParameter): Name = "封装类型"; Value = "贴片"; VariantName = "[No Variations]"
Change component parameters (AddParameter): Name = "温度漂移"; Value = ""; VariantName = "[No Variations]"
Change component parameters (AddParameter): Name = "温度范围"; Value = ""; VariantName = "[No Variations]"
Change component parameters (AddParameter): Name = "生产商"; Value = "?YAGEO（国巨）"; VariantName = "[No Variations]"
Change component parameters (AddParameter): Name = "生产商零件编码"; Value = "RC0402FR-0710KL"; VariantName = "[No Variations]"
Change component parameters (AddParameter): Name = "立创编号"; Value = "C60490"; VariantName = "[No Variations]"
Change component parameters (AddParameter): Name = "类型备注"; Value = ""; VariantName = "[No Variations]"
Change component parameters: Designator = "R13" ("R13"); Footprint = "R 0402_L"; UniqueID = "\OARJBWED" ("\OARJBWED")
Change component parameters (AddParameter): Name = "主类型"; Value = "电阻"; VariantName = "[No Variations]"
Change component parameters (AddParameter): Name = "值/型号"; Value = "0"; VariantName = "[No Variations]"
Change component parameters (AddParameter): Name = "值精度"; Value = ""; VariantName = "[No Variations]"
Change component parameters (AddParameter): Name = "元件封装"; Value = "0402"; VariantName = "[No Variations]"
Change component parameters (AddParameter): Name = "具体类型"; Value = ""; VariantName = "[No Variations]"
Change component parameters (AddParameter): Name = "封装类型"; Value = "贴片"; VariantName = "[No Variations]"
Change component parameters (AddParameter): Name = "温度漂移"; Value = ""; VariantName = "[No Variations]"
Change component parameters (AddParameter): Name = "温度范围"; Value = ""; VariantName = "[No Variations]"
Change component parameters (AddParameter): Name = "生产商"; Value = "?YAGEO（国巨）"; VariantName = "[No Variations]"
Change component parameters (AddParameter): Name = "生产商零件编码"; Value = "RC0402FR-0710KL"; VariantName = "[No Variations]"
Change component parameters (AddParameter): Name = "立创编号"; Value = "C60490"; VariantName = "[No Variations]"
Change component parameters (AddParameter): Name = "类型备注"; Value = ""; VariantName = "[No Variations]"
Added Component: Designator=C13(C 0402_L)
Add component (AddParameter): Name = "主类型"; Value = "电容"; VariantName = "[No Variations]"
Add component (AddParameter): Name = "值/型号"; Value = "100nF/16V"; VariantName = "[No Variations]"
Add component (AddParameter): Name = "值精度"; Value = ""; VariantName = "[No Variations]"
Add component (AddParameter): Name = "元件封装"; Value = ""; VariantName = "[No Variations]"
Add component (AddParameter): Name = "具体类型"; Value = ""; VariantName = "[No Variations]"
Add component (AddParameter): Name = "官网地址"; Value = ""; VariantName = "[No Variations]"
Add component (AddParameter): Name = "封装类型"; Value = "贴片"; VariantName = "[No Variations]"
Add component (AddParameter): Name = "手册网址"; Value = ""; VariantName = "[No Variations]"
Add component (AddParameter): Name = "温度漂移"; Value = ""; VariantName = "[No Variations]"
Add component (AddParameter): Name = "温度范围"; Value = ""; VariantName = "[No Variations]"
Add component (AddParameter): Name = "生产商"; Value = "YAGEO(国巨)"; VariantName = "[No Variations]"
Add component (AddParameter): Name = "生产商零件编码"; Value = "CC0402KRX7R7BB104"; VariantName = "[No Variations]"
Add component (AddParameter): Name = "立创编号"; Value = "C60474"; VariantName = "[No Variations]"
Add component (AddParameter): Name = "类型备注"; Value = ""; VariantName = "[No Variations]"
Added Component: Designator=C15(C 0402_L)
Add component (AddParameter): Name = "主类型"; Value = "电容"; VariantName = "[No Variations]"
Add component (AddParameter): Name = "值/型号"; Value = "100nF/16V"; VariantName = "[No Variations]"
Add component (AddParameter): Name = "值精度"; Value = ""; VariantName = "[No Variations]"
Add component (AddParameter): Name = "元件封装"; Value = ""; VariantName = "[No Variations]"
Add component (AddParameter): Name = "具体类型"; Value = ""; VariantName = "[No Variations]"
Add component (AddParameter): Name = "官网地址"; Value = ""; VariantName = "[No Variations]"
Add component (AddParameter): Name = "封装类型"; Value = "贴片"; VariantName = "[No Variations]"
Add component (AddParameter): Name = "手册网址"; Value = ""; VariantName = "[No Variations]"
Add component (AddParameter): Name = "温度漂移"; Value = ""; VariantName = "[No Variations]"
Add component (AddParameter): Name = "温度范围"; Value = ""; VariantName = "[No Variations]"
Add component (AddParameter): Name = "生产商"; Value = "YAGEO(国巨)"; VariantName = "[No Variations]"
Add component (AddParameter): Name = "生产商零件编码"; Value = "CC0402KRX7R7BB104"; VariantName = "[No Variations]"
Add component (AddParameter): Name = "立创编号"; Value = "C60474"; VariantName = "[No Variations]"
Add component (AddParameter): Name = "类型备注"; Value = ""; VariantName = "[No Variations]"
Added Component: Designator=R31(R 0402_L)
Add component (AddParameter): Name = "主类型"; Value = "电阻"; VariantName = "[No Variations]"
Add component (AddParameter): Name = "值/型号"; Value = "0"; VariantName = "[No Variations]"
Add component (AddParameter): Name = "值精度"; Value = ""; VariantName = "[No Variations]"
Add component (AddParameter): Name = "元件封装"; Value = "0402"; VariantName = "[No Variations]"
Add component (AddParameter): Name = "具体类型"; Value = ""; VariantName = "[No Variations]"
Add component (AddParameter): Name = "封装类型"; Value = ""; VariantName = "[No Variations]"
Add component (AddParameter): Name = "温度漂移"; Value = ""; VariantName = "[No Variations]"
Add component (AddParameter): Name = "温度范围"; Value = ""; VariantName = "[No Variations]"
Add component (AddParameter): Name = "生产商"; Value = "YAGEO(国巨)"; VariantName = "[No Variations]"
Add component (AddParameter): Name = "生产商零件编码"; Value = "RC0402JR-070RL"; VariantName = "[No Variations]"
Add component (AddParameter): Name = "立创编号"; Value = "C60485"; VariantName = "[No Variations]"
Add component (AddParameter): Name = "类型备注"; Value = ""; VariantName = "[No Variations]"
Added Component: Designator=R32(R 0402_L)
Add component (AddParameter): Name = "主类型"; Value = "电阻"; VariantName = "[No Variations]"
Add component (AddParameter): Name = "值/型号"; Value = "0"; VariantName = "[No Variations]"
Add component (AddParameter): Name = "值精度"; Value = ""; VariantName = "[No Variations]"
Add component (AddParameter): Name = "元件封装"; Value = "0402"; VariantName = "[No Variations]"
Add component (AddParameter): Name = "具体类型"; Value = ""; VariantName = "[No Variations]"
Add component (AddParameter): Name = "封装类型"; Value = ""; VariantName = "[No Variations]"
Add component (AddParameter): Name = "温度漂移"; Value = ""; VariantName = "[No Variations]"
Add component (AddParameter): Name = "温度范围"; Value = ""; VariantName = "[No Variations]"
Add component (AddParameter): Name = "生产商"; Value = "YAGEO(国巨)"; VariantName = "[No Variations]"
Add component (AddParameter): Name = "生产商零件编码"; Value = "RC0402JR-070RL"; VariantName = "[No Variations]"
Add component (AddParameter): Name = "立创编号"; Value = "C60485"; VariantName = "[No Variations]"
Add component (AddParameter): Name = "类型备注"; Value = ""; VariantName = "[No Variations]"
Added Component: Designator=R33(R 0402_L)
Add component (AddParameter): Name = "主类型"; Value = "电阻"; VariantName = "[No Variations]"
Add component (AddParameter): Name = "值/型号"; Value = "0"; VariantName = "[No Variations]"
Add component (AddParameter): Name = "值精度"; Value = ""; VariantName = "[No Variations]"
Add component (AddParameter): Name = "元件封装"; Value = "0402"; VariantName = "[No Variations]"
Add component (AddParameter): Name = "具体类型"; Value = ""; VariantName = "[No Variations]"
Add component (AddParameter): Name = "封装类型"; Value = ""; VariantName = "[No Variations]"
Add component (AddParameter): Name = "温度漂移"; Value = ""; VariantName = "[No Variations]"
Add component (AddParameter): Name = "温度范围"; Value = ""; VariantName = "[No Variations]"
Add component (AddParameter): Name = "生产商"; Value = "YAGEO(国巨)"; VariantName = "[No Variations]"
Add component (AddParameter): Name = "生产商零件编码"; Value = "RC0402JR-070RL"; VariantName = "[No Variations]"
Add component (AddParameter): Name = "立创编号"; Value = "C60485"; VariantName = "[No Variations]"
Add component (AddParameter): Name = "类型备注"; Value = ""; VariantName = "[No Variations]"
Added Component: Designator=R34(R 0402_L)
Add component (AddParameter): Name = "主类型"; Value = "电阻"; VariantName = "[No Variations]"
Add component (AddParameter): Name = "值/型号"; Value = "0"; VariantName = "[No Variations]"
Add component (AddParameter): Name = "值精度"; Value = ""; VariantName = "[No Variations]"
Add component (AddParameter): Name = "元件封装"; Value = "0402"; VariantName = "[No Variations]"
Add component (AddParameter): Name = "具体类型"; Value = ""; VariantName = "[No Variations]"
Add component (AddParameter): Name = "封装类型"; Value = ""; VariantName = "[No Variations]"
Add component (AddParameter): Name = "温度漂移"; Value = ""; VariantName = "[No Variations]"
Add component (AddParameter): Name = "温度范围"; Value = ""; VariantName = "[No Variations]"
Add component (AddParameter): Name = "生产商"; Value = "YAGEO(国巨)"; VariantName = "[No Variations]"
Add component (AddParameter): Name = "生产商零件编码"; Value = "RC0402JR-070RL"; VariantName = "[No Variations]"
Add component (AddParameter): Name = "立创编号"; Value = "C60485"; VariantName = "[No Variations]"
Add component (AddParameter): Name = "类型备注"; Value = ""; VariantName = "[No Variations]"
Added Component: Designator=R38(R 0402_L)
Add component (AddParameter): Name = "主类型"; Value = "电阻"; VariantName = "[No Variations]"
Add component (AddParameter): Name = "值/型号"; Value = "0"; VariantName = "[No Variations]"
Add component (AddParameter): Name = "值精度"; Value = ""; VariantName = "[No Variations]"
Add component (AddParameter): Name = "元件封装"; Value = "0402"; VariantName = "[No Variations]"
Add component (AddParameter): Name = "具体类型"; Value = ""; VariantName = "[No Variations]"
Add component (AddParameter): Name = "封装类型"; Value = ""; VariantName = "[No Variations]"
Add component (AddParameter): Name = "温度漂移"; Value = ""; VariantName = "[No Variations]"
Add component (AddParameter): Name = "温度范围"; Value = ""; VariantName = "[No Variations]"
Add component (AddParameter): Name = "生产商"; Value = "YAGEO(国巨)"; VariantName = "[No Variations]"
Add component (AddParameter): Name = "生产商零件编码"; Value = "RC0402JR-070RL"; VariantName = "[No Variations]"
Add component (AddParameter): Name = "立创编号"; Value = "C60485"; VariantName = "[No Variations]"
Add component (AddParameter): Name = "类型备注"; Value = ""; VariantName = "[No Variations]"
Added Component: Designator=R39(R 0402_L)
Add component (AddParameter): Name = "主类型"; Value = "电阻"; VariantName = "[No Variations]"
Add component (AddParameter): Name = "值/型号"; Value = "0"; VariantName = "[No Variations]"
Add component (AddParameter): Name = "值精度"; Value = ""; VariantName = "[No Variations]"
Add component (AddParameter): Name = "元件封装"; Value = "0402"; VariantName = "[No Variations]"
Add component (AddParameter): Name = "具体类型"; Value = ""; VariantName = "[No Variations]"
Add component (AddParameter): Name = "封装类型"; Value = ""; VariantName = "[No Variations]"
Add component (AddParameter): Name = "温度漂移"; Value = ""; VariantName = "[No Variations]"
Add component (AddParameter): Name = "温度范围"; Value = ""; VariantName = "[No Variations]"
Add component (AddParameter): Name = "生产商"; Value = "YAGEO(国巨)"; VariantName = "[No Variations]"
Add component (AddParameter): Name = "生产商零件编码"; Value = "RC0402JR-070RL"; VariantName = "[No Variations]"
Add component (AddParameter): Name = "立创编号"; Value = "C60485"; VariantName = "[No Variations]"
Add component (AddParameter): Name = "类型备注"; Value = ""; VariantName = "[No Variations]"
Added Component: Designator=R40(R 0402_L)
Add component (AddParameter): Name = "主类型"; Value = "电阻"; VariantName = "[No Variations]"
Add component (AddParameter): Name = "值/型号"; Value = "0"; VariantName = "[No Variations]"
Add component (AddParameter): Name = "值精度"; Value = ""; VariantName = "[No Variations]"
Add component (AddParameter): Name = "元件封装"; Value = "0402"; VariantName = "[No Variations]"
Add component (AddParameter): Name = "具体类型"; Value = ""; VariantName = "[No Variations]"
Add component (AddParameter): Name = "封装类型"; Value = ""; VariantName = "[No Variations]"
Add component (AddParameter): Name = "温度漂移"; Value = ""; VariantName = "[No Variations]"
Add component (AddParameter): Name = "温度范围"; Value = ""; VariantName = "[No Variations]"
Add component (AddParameter): Name = "生产商"; Value = "YAGEO(国巨)"; VariantName = "[No Variations]"
Add component (AddParameter): Name = "生产商零件编码"; Value = "RC0402JR-070RL"; VariantName = "[No Variations]"
Add component (AddParameter): Name = "立创编号"; Value = "C60485"; VariantName = "[No Variations]"
Add component (AddParameter): Name = "类型备注"; Value = ""; VariantName = "[No Variations]"
Added Component: Designator=R41(R 0402_L)
Add component (AddParameter): Name = "主类型"; Value = "电阻"; VariantName = "[No Variations]"
Add component (AddParameter): Name = "值/型号"; Value = "0"; VariantName = "[No Variations]"
Add component (AddParameter): Name = "值精度"; Value = ""; VariantName = "[No Variations]"
Add component (AddParameter): Name = "元件封装"; Value = "0402"; VariantName = "[No Variations]"
Add component (AddParameter): Name = "具体类型"; Value = ""; VariantName = "[No Variations]"
Add component (AddParameter): Name = "封装类型"; Value = ""; VariantName = "[No Variations]"
Add component (AddParameter): Name = "温度漂移"; Value = ""; VariantName = "[No Variations]"
Add component (AddParameter): Name = "温度范围"; Value = ""; VariantName = "[No Variations]"
Add component (AddParameter): Name = "生产商"; Value = "YAGEO(国巨)"; VariantName = "[No Variations]"
Add component (AddParameter): Name = "生产商零件编码"; Value = "RC0402JR-070RL"; VariantName = "[No Variations]"
Add component (AddParameter): Name = "立创编号"; Value = "C60485"; VariantName = "[No Variations]"
Add component (AddParameter): Name = "类型备注"; Value = ""; VariantName = "[No Variations]"
Added Component: Designator=U3(BME280)
Added Pin To Net: NetName=3V3 Pin=C13-1
Added Pin To Net: NetName=GND Pin=C13-2
Added Pin To Net: NetName=3V3 Pin=C15-1
Added Pin To Net: NetName=GND Pin=C15-2
Added Pin To Net: NetName=TMP102_SDL Pin=R31-1
Added Pin To Net: NetName=NetR31_2 Pin=R31-2
Added Pin To Net: NetName=TMP102_SDA Pin=R32-1
Added Pin To Net: NetName=NetR32_2 Pin=R32-2
Added Pin To Net: NetName=TMP102_INT Pin=R33-1
Added Pin To Net: NetName=NetR33_2 Pin=R33-2
Added Pin To Net: NetName=TMP102_ADD Pin=R34-1
Added Pin To Net: NetName=NetR34_2 Pin=R34-2
Added Pin To Net: NetName=OPT3001_SDL Pin=R38-1
Added Pin To Net: NetName=NetR38_2 Pin=R38-2
Added Pin To Net: NetName=OPT3001_SDA Pin=R39-1
Added Pin To Net: NetName=NetR39_2 Pin=R39-2
Added Pin To Net: NetName=OPT3001_INT Pin=R40-1
Added Pin To Net: NetName=NetR40_2 Pin=R40-2
Added Pin To Net: NetName=OPT3001_ADD Pin=R41-1
Added Pin To Net: NetName=NetR41_2 Pin=R41-2
Added Pin To Net: NetName=GND Pin=U3-1
Added Pin To Net: NetName=NetR26_2 Pin=U3-2
Added Pin To Net: NetName=NetR24_2 Pin=U3-3
Added Pin To Net: NetName=NetR20_2 Pin=U3-4
Added Pin To Net: NetName=NetR22_2 Pin=U3-5
Added Pin To Net: NetName=3V3 Pin=U3-6
Added Pin To Net: NetName=GND Pin=U3-7
Added Pin To Net: NetName=3V3 Pin=U3-8
Added Member To Class: ClassName=BME280 Member=Component U3 BME280
